[debug] [2020-05-29T15:31:18.615Z] ----------------------------------------------------------------------
[debug] [2020-05-29T15:31:18.617Z] Command:       C:\Program Files\nodejs\node.exe C:\Users\ra-me\AppData\Roaming\npm\node_modules\firebase-tools\lib\bin\firebase.js init hosting
[debug] [2020-05-29T15:31:18.617Z] CLI Version:   8.4.1
[debug] [2020-05-29T15:31:18.617Z] Platform:      win32
[debug] [2020-05-29T15:31:18.617Z] Node Version:  v12.16.3
[debug] [2020-05-29T15:31:18.618Z] Time:          Sat May 30 2020 00:31:18 GMT+0900 (GMT+09:00)
[debug] [2020-05-29T15:31:18.618Z] ----------------------------------------------------------------------
[debug] [2020-05-29T15:31:18.618Z] 
[debug] [2020-05-29T15:31:18.623Z] > command requires scopes: ["email","openid","https://www.googleapis.com/auth/cloudplatformprojects.readonly","https://www.googleapis.com/auth/firebase","https://www.googleapis.com/auth/cloud-platform"]
[debug] [2020-05-29T15:31:18.624Z] > authorizing via signed-in user
[info] 
     ######## #### ########  ######## ########     ###     ######  ########
     ##        ##  ##     ## ##       ##     ##  ##   ##  ##       ##
     ######    ##  ########  ######   ########  #########  ######  ######
     ##        ##  ##    ##  ##       ##     ## ##     ##       ## ##
     ##       #### ##     ## ######## ########  ##     ##  ######  ########

You're about to initialize a Firebase project in this directory:

  I:\BBS\bbs

Before we get started, keep in mind:

  * You are initializing in an existing Firebase project directory

[info] 
=== Project Setup
[info] 
[info] First, let's associate this project directory with a Firebase project.
[info] You can create multiple project aliases by running firebase use --add, 
[info] but for now we'll just set up a default project.
[info] 
[info] i  .firebaserc already has a default project, using react-bbs-865e4. 
[debug] [2020-05-29T15:31:22.971Z] >>> HTTP REQUEST GET https://firebase.googleapis.com/v1beta1/projects/react-bbs-865e4  
 
[debug] [2020-05-29T15:31:23.433Z] <<< HTTP RESPONSE 200 {"content-type":"application/json; charset=UTF-8","vary":"X-Origin, Referer, Origin,Accept-Encoding","date":"Fri, 29 May 2020 15:31:23 GMT","server":"ESF","cache-control":"private","x-xss-protection":"0","x-frame-options":"SAMEORIGIN","x-content-type-options":"nosniff","alt-svc":"h3-27=\":443\"; ma=2592000,h3-25=\":443\"; ma=2592000,h3-T050=\":443\"; ma=2592000,h3-Q050=\":443\"; ma=2592000,h3-Q049=\":443\"; ma=2592000,h3-Q048=\":443\"; ma=2592000,h3-Q046=\":443\"; ma=2592000,h3-Q043=\":443\"; ma=2592000,quic=\":443\"; ma=2592000; v=\"46,43\"","accept-ranges":"none","transfer-encoding":"chunked"}
[info] 
=== Hosting Setup
[info] 
[info] Your public directory is the folder (relative to your project directory) that
[info] will contain Hosting assets to be uploaded with firebase deploy. If you
[info] have a build process for your assets, use your build's output directory.
[info] 
[debug] [2020-05-29T15:32:15.573Z] ----------------------------------------------------------------------
[debug] [2020-05-29T15:32:15.575Z] Command:       C:\Program Files\nodejs\node.exe C:\Users\ra-me\AppData\Roaming\npm\node_modules\firebase-tools\lib\bin\firebase.js serve --only hosting
[debug] [2020-05-29T15:32:15.575Z] CLI Version:   8.4.1
[debug] [2020-05-29T15:32:15.575Z] Platform:      win32
[debug] [2020-05-29T15:32:15.575Z] Node Version:  v12.16.3
[debug] [2020-05-29T15:32:15.576Z] Time:          Sat May 30 2020 00:32:15 GMT+0900 (GMT+09:00)
[debug] [2020-05-29T15:32:15.576Z] ----------------------------------------------------------------------
[debug] [2020-05-29T15:32:15.576Z] 
[debug] [2020-05-29T15:32:15.582Z] > command requires scopes: ["email","openid","https://www.googleapis.com/auth/cloudplatformprojects.readonly","https://www.googleapis.com/auth/firebase","https://www.googleapis.com/auth/cloud-platform"]
[debug] [2020-05-29T15:32:15.583Z] > authorizing via signed-in user
[debug] [2020-05-29T15:32:15.583Z] [iam] checking project react-bbs-865e4 for permissions ["firebase.projects.get"]
[debug] [2020-05-29T15:32:15.585Z] >>> HTTP REQUEST POST https://cloudresourcemanager.googleapis.com/v1/projects/react-bbs-865e4:testIamPermissions  
 {"permissions":["firebase.projects.get"]}
[debug] [2020-05-29T15:32:16.342Z] <<< HTTP RESPONSE 200 {"content-type":"application/json; charset=UTF-8","vary":"X-Origin, Referer, Origin,Accept-Encoding","date":"Fri, 29 May 2020 15:32:15 GMT","server":"ESF","cache-control":"private","x-xss-protection":"0","x-frame-options":"SAMEORIGIN","x-content-type-options":"nosniff","server-timing":"gfet4t7; dur=624","alt-svc":"h3-27=\":443\"; ma=2592000,h3-25=\":443\"; ma=2592000,h3-T050=\":443\"; ma=2592000,h3-Q050=\":443\"; ma=2592000,h3-Q049=\":443\"; ma=2592000,h3-Q048=\":443\"; ma=2592000,h3-Q046=\":443\"; ma=2592000,h3-Q043=\":443\"; ma=2592000,quic=\":443\"; ma=2592000; v=\"46,43\"","accept-ranges":"none","transfer-encoding":"chunked"}
[debug] [2020-05-29T15:32:16.344Z] >>> HTTP REQUEST GET https://firebase.googleapis.com/v1beta1/projects/react-bbs-865e4  
 
[debug] [2020-05-29T15:32:16.726Z] <<< HTTP RESPONSE 200 {"content-type":"application/json; charset=UTF-8","vary":"X-Origin, Referer, Origin,Accept-Encoding","date":"Fri, 29 May 2020 15:32:16 GMT","server":"ESF","cache-control":"private","x-xss-protection":"0","x-frame-options":"SAMEORIGIN","x-content-type-options":"nosniff","alt-svc":"h3-27=\":443\"; ma=2592000,h3-25=\":443\"; ma=2592000,h3-T050=\":443\"; ma=2592000,h3-Q050=\":443\"; ma=2592000,h3-Q049=\":443\"; ma=2592000,h3-Q048=\":443\"; ma=2592000,h3-Q046=\":443\"; ma=2592000,h3-Q043=\":443\"; ma=2592000,quic=\":443\"; ma=2592000; v=\"46,43\"","accept-ranges":"none","transfer-encoding":"chunked"}
[debug] [2020-05-29T15:32:16.730Z] >>> HTTP REQUEST GET https://firebase.googleapis.com/v1beta1/projects/react-bbs-865e4/webApps/-/config  
 
[debug] [2020-05-29T15:32:17.669Z] <<< HTTP RESPONSE 200 {"content-type":"application/json; charset=UTF-8","vary":"X-Origin, Referer, Origin,Accept-Encoding","date":"Fri, 29 May 2020 15:32:17 GMT","server":"ESF","cache-control":"private","x-xss-protection":"0","x-frame-options":"SAMEORIGIN","x-content-type-options":"nosniff","alt-svc":"h3-27=\":443\"; ma=2592000,h3-25=\":443\"; ma=2592000,h3-T050=\":443\"; ma=2592000,h3-Q050=\":443\"; ma=2592000,h3-Q049=\":443\"; ma=2592000,h3-Q048=\":443\"; ma=2592000,h3-Q046=\":443\"; ma=2592000,h3-Q043=\":443\"; ma=2592000,quic=\":443\"; ma=2592000; v=\"46,43\"","accept-ranges":"none","transfer-encoding":"chunked"}
[info] i  hosting: Serving hosting files from: public {"metadata":{"emulator":{"name":"hosting"},"message":"Serving hosting files from: \u001b[1mpublic\u001b[22m"}}
[info] +  hosting: Local server: http://localhost:5000 {"metadata":{"emulator":{"name":"hosting"},"message":"Local server: \u001b[4m\u001b[1mhttp://localhost:5000\u001b[22m\u001b[24m"}}
[info] i  hosting: 127.0.0.1 - - [29/May/2020:15:32:21 +0000] "GET / HTTP/1.1" 200 3174 "-" "Mozilla/5.0 (Windows NT 10.0; Win64; x64) AppleWebKit/537.36 (KHTML, like Gecko) Chrome/83.0.4103.61 Safari/537.36" {"metadata":{"emulator":{"name":"hosting"},"message":"127.0.0.1 - - [29/May/2020:15:32:21 +0000] \"GET / HTTP/1.1\" 200 3174 \"-\" \"Mozilla/5.0 (Windows NT 10.0; Win64; x64) AppleWebKit/537.36 (KHTML, like Gecko) Chrome/83.0.4103.61 Safari/537.36\""}}
[info] i  hosting: 127.0.0.1 - - [29/May/2020:15:32:21 +0000] "GET /__/firebase/7.14.5/firebase-auth.js HTTP/1.1" 200 173469 "http://localhost:5000/" "Mozilla/5.0 (Windows NT 10.0; Win64; x64) AppleWebKit/537.36 (KHTML, like Gecko) Chrome/83.0.4103.61 Safari/537.36" {"metadata":{"emulator":{"name":"hosting"},"message":"127.0.0.1 - - [29/May/2020:15:32:21 +0000] \"GET /__/firebase/7.14.5/firebase-auth.js HTTP/1.1\" 200 173469 \"http://localhost:5000/\" \"Mozilla/5.0 (Windows NT 10.0; Win64; x64) AppleWebKit/537.36 (KHTML, like Gecko) Chrome/83.0.4103.61 Safari/537.36\""}}
[info] i  hosting: 127.0.0.1 - - [29/May/2020:15:32:21 +0000] "GET /__/firebase/7.14.5/firebase-database.js HTTP/1.1" 200 186684 "http://localhost:5000/" "Mozilla/5.0 (Windows NT 10.0; Win64; x64) AppleWebKit/537.36 (KHTML, like Gecko) Chrome/83.0.4103.61 Safari/537.36" {"metadata":{"emulator":{"name":"hosting"},"message":"127.0.0.1 - - [29/May/2020:15:32:21 +0000] \"GET /__/firebase/7.14.5/firebase-database.js HTTP/1.1\" 200 186684 \"http://localhost:5000/\" \"Mozilla/5.0 (Windows NT 10.0; Win64; x64) AppleWebKit/537.36 (KHTML, like Gecko) Chrome/83.0.4103.61 Safari/537.36\""}}
[info] i  hosting: 127.0.0.1 - - [29/May/2020:15:32:21 +0000] "GET /__/firebase/7.14.5/firebase-messaging.js HTTP/1.1" 200 39121 "http://localhost:5000/" "Mozilla/5.0 (Windows NT 10.0; Win64; x64) AppleWebKit/537.36 (KHTML, like Gecko) Chrome/83.0.4103.61 Safari/537.36" {"metadata":{"emulator":{"name":"hosting"},"message":"127.0.0.1 - - [29/May/2020:15:32:21 +0000] \"GET /__/firebase/7.14.5/firebase-messaging.js HTTP/1.1\" 200 39121 \"http://localhost:5000/\" \"Mozilla/5.0 (Windows NT 10.0; Win64; x64) AppleWebKit/537.36 (KHTML, like Gecko) Chrome/83.0.4103.61 Safari/537.36\""}}
[info] i  hosting: 127.0.0.1 - - [29/May/2020:15:32:21 +0000] "GET /__/firebase/init.js HTTP/1.1" 200 - "http://localhost:5000/" "Mozilla/5.0 (Windows NT 10.0; Win64; x64) AppleWebKit/537.36 (KHTML, like Gecko) Chrome/83.0.4103.61 Safari/537.36" {"metadata":{"emulator":{"name":"hosting"},"message":"127.0.0.1 - - [29/May/2020:15:32:21 +0000] \"GET /__/firebase/init.js HTTP/1.1\" 200 - \"http://localhost:5000/\" \"Mozilla/5.0 (Windows NT 10.0; Win64; x64) AppleWebKit/537.36 (KHTML, like Gecko) Chrome/83.0.4103.61 Safari/537.36\""}}
[info] i  hosting: 127.0.0.1 - - [29/May/2020:15:32:22 +0000] "GET /__/firebase/7.14.5/firebase-storage.js HTTP/1.1" 200 40854 "http://localhost:5000/" "Mozilla/5.0 (Windows NT 10.0; Win64; x64) AppleWebKit/537.36 (KHTML, like Gecko) Chrome/83.0.4103.61 Safari/537.36" {"metadata":{"emulator":{"name":"hosting"},"message":"127.0.0.1 - - [29/May/2020:15:32:22 +0000] \"GET /__/firebase/7.14.5/firebase-storage.js HTTP/1.1\" 200 40854 \"http://localhost:5000/\" \"Mozilla/5.0 (Windows NT 10.0; Win64; x64) AppleWebKit/537.36 (KHTML, like Gecko) Chrome/83.0.4103.61 Safari/537.36\""}}
[info] i  hosting: 127.0.0.1 - - [29/May/2020:15:32:22 +0000] "GET /favicon.ico HTTP/1.1" 200 3150 "http://localhost:5000/" "Mozilla/5.0 (Windows NT 10.0; Win64; x64) AppleWebKit/537.36 (KHTML, like Gecko) Chrome/83.0.4103.61 Safari/537.36" {"metadata":{"emulator":{"name":"hosting"},"message":"127.0.0.1 - - [29/May/2020:15:32:22 +0000] \"GET /favicon.ico HTTP/1.1\" 200 3150 \"http://localhost:5000/\" \"Mozilla/5.0 (Windows NT 10.0; Win64; x64) AppleWebKit/537.36 (KHTML, like Gecko) Chrome/83.0.4103.61 Safari/537.36\""}}
